# JRE version: OpenJDK Runtime Environment (21.0.4) (build 21.0.4+-12508038-b607.1)
# Java VM: OpenJDK 64-Bit Server VM (21.0.4+-12508038-b607.1, mixed mode, tiered, compressed oops, compressed class ptrs, g1 gc, windows-amd64)
GC Precious Log:
 CardTable entry size: 512
 Card Set container configuration: InlinePtr #cards 5 size 8 Array Of Cards #cards 12 size 40 Howl #buckets 4 coarsen threshold 1843 Howl Bitmap #cards 512 size 80 coarsen threshold 460 Card regions per heap region 1 cards per card region 2048
 CPUs: 8 total, 8 available
 Memory: 8082M
 Large Page Support: Disabled
 NUMA Support: Disabled
 Compressed Oops: Enabled (32-bit)
 Heap Region Size: 1M
 Heap Min Capacity: 8M
 Heap Initial Capacity: 128M
 Heap Max Capacity: 2G
 Pre-touch: Disabled
 Parallel Workers: 8
 Concurrent Workers: 2
 Concurrent Refinement Workers: 8
 Periodic GC: Disabled
Heap:
 garbage-first heap   total 373760K, used 219539K [0x0000000080000000, 0x0000000100000000)
  region size 1024K, 9 young (9216K), 7 survivors (7168K)
 Metaspace       used 203421K, committed 206464K, reserved 1245184K
  class space    used 25673K, committed 27200K, reserved 1048576K
GC Heap History (20 events):
Event: 602.937 GC heap before
{Heap before GC invocations=73 (full 0):
 garbage-first heap   total 350208K, used 291838K [0x0000000080000000, 0x0000000100000000)
  region size 1024K, 88 young (90112K), 7 survivors (7168K)
 Metaspace       used 172819K, committed 175744K, reserved 1245184K
  class space    used 22328K, committed 23808K, reserved 1048576K
}
Event: 602.948 GC heap after
{Heap after GC invocations=74 (full 0):
 garbage-first heap   total 350208K, used 213018K [0x0000000080000000, 0x0000000100000000)
  region size 1024K, 8 young (8192K), 8 survivors (8192K)
 Metaspace       used 172819K, committed 175744K, reserved 1245184K
  class space    used 22328K, committed 23808K, reserved 1048576K
}
Event: 604.379 GC heap before
{Heap before GC invocations=74 (full 0):
 garbage-first heap   total 350208K, used 321562K [0x0000000080000000, 0x0000000100000000)
  region size 1024K, 114 young (116736K), 8 survivors (8192K)
 Metaspace       used 188638K, committed 191616K, reserved 1245184K
  class space    used 23927K, committed 25408K, reserved 1048576K
}
Event: 604.391 GC heap after
{Heap after GC invocations=75 (full 0):
 garbage-first heap   total 350208K, used 213683K [0x0000000080000000, 0x0000000100000000)
  region size 1024K, 11 young (11264K), 11 survivors (11264K)
 Metaspace       used 188638K, committed 191616K, reserved 1245184K
  class space    used 23927K, committed 25408K, reserved 1048576K
}
Event: 605.303 GC heap before
{Heap before GC invocations=75 (full 0):
 garbage-first heap   total 350208K, used 275123K [0x0000000080000000, 0x0000000100000000)
  region size 1024K, 73 young (74752K), 11 survivors (11264K)
 Metaspace       used 191121K, committed 194048K, reserved 1245184K
  class space    used 24235K, committed 25728K, reserved 1048576K
}
Event: 605.316 GC heap after
{Heap after GC invocations=76 (full 0):
 garbage-first heap   total 350208K, used 215108K [0x0000000080000000, 0x0000000100000000)
  region size 1024K, 12 young (12288K), 12 survivors (12288K)
 Metaspace       used 191121K, committed 194048K, reserved 1245184K
  class space    used 24235K, committed 25728K, reserved 1048576K
}
Event: 606.334 GC heap before
{Heap before GC invocations=77 (full 0):
 garbage-first heap   total 373760K, used 325700K [0x0000000080000000, 0x0000000100000000)
  region size 1024K, 112 young (114688K), 12 survivors (12288K)
 Metaspace       used 194151K, committed 197120K, reserved 1245184K
  class space    used 24515K, committed 26048K, reserved 1048576K
}
Event: 606.346 GC heap after
{Heap after GC invocations=78 (full 0):
 garbage-first heap   total 373760K, used 217282K [0x0000000080000000, 0x0000000100000000)
  region size 1024K, 2 young (2048K), 2 survivors (2048K)
 Metaspace       used 194151K, committed 197120K, reserved 1245184K
  class space    used 24515K, committed 26048K, reserved 1048576K
}
Event: 608.039 GC heap before
{Heap before GC invocations=78 (full 0):
 garbage-first heap   total 373760K, used 347330K [0x0000000080000000, 0x0000000100000000)
  region size 1024K, 128 young (131072K), 2 survivors (2048K)
 Metaspace       used 198946K, committed 201920K, reserved 1245184K
  class space    used 25202K, committed 26752K, reserved 1048576K
}
Event: 608.048 GC heap after
{Heap after GC invocations=79 (full 0):
 garbage-first heap   total 373760K, used 220649K [0x0000000080000000, 0x0000000100000000)
  region size 1024K, 6 young (6144K), 6 survivors (6144K)
 Metaspace       used 198946K, committed 201920K, reserved 1245184K
  class space    used 25202K, committed 26752K, reserved 1048576K
}
Event: 608.453 GC heap before
{Heap before GC invocations=79 (full 0):
 garbage-first heap   total 373760K, used 310761K [0x0000000080000000, 0x0000000100000000)
  region size 1024K, 95 young (97280K), 6 survivors (6144K)
 Metaspace       used 199010K, committed 202048K, reserved 1245184K
  class space    used 25208K, committed 26752K, reserved 1048576K
}
Event: 608.457 GC heap after
{Heap after GC invocations=80 (full 0):
 garbage-first heap   total 373760K, used 218198K [0x0000000080000000, 0x0000000100000000)
  region size 1024K, 6 young (6144K), 6 survivors (6144K)
 Metaspace       used 199010K, committed 202048K, reserved 1245184K
  class space    used 25208K, committed 26752K, reserved 1048576K
}
Event: 609.378 GC heap before
{Heap before GC invocations=81 (full 0):
 garbage-first heap   total 373760K, used 349270K [0x0000000080000000, 0x0000000100000000)
  region size 1024K, 132 young (135168K), 6 survivors (6144K)
 Metaspace       used 199426K, committed 202432K, reserved 1245184K
  class space    used 25230K, committed 26752K, reserved 1048576K
}
Event: 609.386 GC heap after
{Heap after GC invocations=82 (full 0):
 garbage-first heap   total 373760K, used 223204K [0x0000000080000000, 0x0000000100000000)
  region size 1024K, 9 young (9216K), 9 survivors (9216K)
 Metaspace       used 199426K, committed 202432K, reserved 1245184K
  class space    used 25230K, committed 26752K, reserved 1048576K
}
Event: 610.200 GC heap before
{Heap before GC invocations=82 (full 0):
 garbage-first heap   total 373760K, used 344036K [0x0000000080000000, 0x0000000100000000)
  region size 1024K, 127 young (130048K), 9 survivors (9216K)
 Metaspace       used 199537K, committed 202560K, reserved 1245184K
  class space    used 25234K, committed 26752K, reserved 1048576K
}
Event: 610.210 GC heap after
{Heap after GC invocations=83 (full 0):
 garbage-first heap   total 373760K, used 215710K [0x0000000080000000, 0x0000000100000000)
  region size 1024K, 9 young (9216K), 9 survivors (9216K)
 Metaspace       used 199537K, committed 202560K, reserved 1245184K
  class space    used 25234K, committed 26752K, reserved 1048576K
}
Event: 631.511 GC heap before
{Heap before GC invocations=83 (full 0):
 garbage-first heap   total 373760K, used 344734K [0x0000000080000000, 0x0000000100000000)
  region size 1024K, 135 young (138240K), 9 survivors (9216K)
 Metaspace       used 200652K, committed 203712K, reserved 1245184K
  class space    used 25348K, committed 26880K, reserved 1048576K
}
Event: 631.528 GC heap after
{Heap after GC invocations=84 (full 0):
 garbage-first heap   total 373760K, used 218488K [0x0000000080000000, 0x0000000100000000)
  region size 1024K, 12 young (12288K), 12 survivors (12288K)
 Metaspace       used 200652K, committed 203712K, reserved 1245184K
  class space    used 25348K, committed 26880K, reserved 1048576K
}
Event: 645.676 GC heap before
{Heap before GC invocations=85 (full 0):
 garbage-first heap   total 373760K, used 340344K [0x0000000080000000, 0x0000000100000000)
  region size 1024K, 132 young (135168K), 12 survivors (12288K)
 Metaspace       used 203408K, committed 206464K, reserved 1245184K
  class space    used 25670K, committed 27200K, reserved 1048576K
}
Event: 645.687 GC heap after
{Heap after GC invocations=86 (full 0):
 garbage-first heap   total 373760K, used 218515K [0x0000000080000000, 0x0000000100000000)
  region size 1024K, 7 young (7168K), 7 survivors (7168K)
 Metaspace       used 203408K, committed 206464K, reserved 1245184K
  class space    used 25670K, committed 27200K, reserved 1048576K
}

